Determining if the pthread_create exist failed with the following output:
Change Dir: /home/hxhx/darknet/haixun00/object_tracker_ros/build/CMakeFiles/CMakeTmp

Run Build Command:/usr/bin/make "cmTryCompileExec144453632/fast"
make[1]: Entering directory `/home/hxhx/darknet/haixun00/object_tracker_ros/build/CMakeFiles/CMakeTmp'
/usr/bin/make -f CMakeFiles/cmTryCompileExec144453632.dir/build.make CMakeFiles/cmTryCompileExec144453632.dir/build
make[2]: Entering directory `/home/hxhx/darknet/haixun00/object_tracker_ros/build/CMakeFiles/CMakeTmp'
/usr/bin/cmake -E cmake_progress_report /home/hxhx/darknet/haixun00/object_tracker_ros/build/CMakeFiles/CMakeTmp/CMakeFiles 1
Building C object CMakeFiles/cmTryCompileExec144453632.dir/CheckSymbolExists.c.o
/usr/bin/cc    -o CMakeFiles/cmTryCompileExec144453632.dir/CheckSymbolExists.c.o   -c /home/hxhx/darknet/haixun00/object_tracker_ros/build/CMakeFiles/CMakeTmp/CheckSymbolExists.c
Linking C executable cmTryCompileExec144453632
/usr/bin/cmake -E cmake_link_script CMakeFiles/cmTryCompileExec144453632.dir/link.txt --verbose=1
/usr/bin/cc       CMakeFiles/cmTryCompileExec144453632.dir/CheckSymbolExists.c.o  -o cmTryCompileExec144453632 -rdynamic 
CMakeFiles/cmTryCompileExec144453632.dir/CheckSymbolExists.c.o: In function `main':
CheckSymbolExists.c:(.text+0x16): undefined reference to `pthread_create'
collect2: error: ld returned 1 exit status
make[2]: Leaving directory `/home/hxhx/darknet/haixun00/object_tracker_ros/build/CMakeFiles/CMakeTmp'
make[2]: *** [cmTryCompileExec144453632] Error 1
make[1]: Leaving directory `/home/hxhx/darknet/haixun00/object_tracker_ros/build/CMakeFiles/CMakeTmp'
make[1]: *** [cmTryCompileExec144453632/fast] Error 2

File /home/hxhx/darknet/haixun00/object_tracker_ros/build/CMakeFiles/CMakeTmp/CheckSymbolExists.c:
/* */
#include <pthread.h>

int main(int argc, char** argv)
{
  (void)argv;
#ifndef pthread_create
  return ((int*)(&pthread_create))[argc];
#else
  (void)argc;
  return 0;
#endif
}

Determining if the function pthread_create exists in the pthreads failed with the following output:
Change Dir: /home/hxhx/darknet/haixun00/object_tracker_ros/build/CMakeFiles/CMakeTmp

Run Build Command:/usr/bin/make "cmTryCompileExec2671779418/fast"
make[1]: Entering directory `/home/hxhx/darknet/haixun00/object_tracker_ros/build/CMakeFiles/CMakeTmp'
/usr/bin/make -f CMakeFiles/cmTryCompileExec2671779418.dir/build.make CMakeFiles/cmTryCompileExec2671779418.dir/build
make[2]: Entering directory `/home/hxhx/darknet/haixun00/object_tracker_ros/build/CMakeFiles/CMakeTmp'
/usr/bin/cmake -E cmake_progress_report /home/hxhx/darknet/haixun00/object_tracker_ros/build/CMakeFiles/CMakeTmp/CMakeFiles 1
Building C object CMakeFiles/cmTryCompileExec2671779418.dir/CheckFunctionExists.c.o
/usr/bin/cc   -DCHECK_FUNCTION_EXISTS=pthread_create   -o CMakeFiles/cmTryCompileExec2671779418.dir/CheckFunctionExists.c.o   -c /usr/share/cmake-2.8/Modules/CheckFunctionExists.c
Linking C executable cmTryCompileExec2671779418
/usr/bin/cmake -E cmake_link_script CMakeFiles/cmTryCompileExec2671779418.dir/link.txt --verbose=1
/usr/bin/cc   -DCHECK_FUNCTION_EXISTS=pthread_create    CMakeFiles/cmTryCompileExec2671779418.dir/CheckFunctionExists.c.o  -o cmTryCompileExec2671779418 -rdynamic -lpthreads 
/usr/bin/ld: cannot find -lpthreads
collect2: error: ld returned 1 exit status
make[2]: *** [cmTryCompileExec2671779418] Error 1
make[2]: Leaving directory `/home/hxhx/darknet/haixun00/object_tracker_ros/build/CMakeFiles/CMakeTmp'
make[1]: *** [cmTryCompileExec2671779418/fast] Error 2
make[1]: Leaving directory `/home/hxhx/darknet/haixun00/object_tracker_ros/build/CMakeFiles/CMakeTmp'


Determining if the function sgetrf_single exists failed with the following output:
Change Dir: /home/hxhx/darknet/haixun00/object_tracker_ros/build/CMakeFiles/CMakeTmp

Run Build Command:/usr/bin/make "cmTryCompileExec2593453150/fast"
make[1]: Entering directory `/home/hxhx/darknet/haixun00/object_tracker_ros/build/CMakeFiles/CMakeTmp'
/usr/bin/make -f CMakeFiles/cmTryCompileExec2593453150.dir/build.make CMakeFiles/cmTryCompileExec2593453150.dir/build
make[2]: Entering directory `/home/hxhx/darknet/haixun00/object_tracker_ros/build/CMakeFiles/CMakeTmp'
/usr/bin/cmake -E cmake_progress_report /home/hxhx/darknet/haixun00/object_tracker_ros/build/CMakeFiles/CMakeTmp/CMakeFiles 1
Building C object CMakeFiles/cmTryCompileExec2593453150.dir/CheckFunctionExists.c.o
/usr/bin/cc   -DCHECK_FUNCTION_EXISTS=sgetrf_single   -o CMakeFiles/cmTryCompileExec2593453150.dir/CheckFunctionExists.c.o   -c /usr/share/cmake-2.8/Modules/CheckFunctionExists.c
Linking C executable cmTryCompileExec2593453150
/usr/bin/cmake -E cmake_link_script CMakeFiles/cmTryCompileExec2593453150.dir/link.txt --verbose=1
/usr/bin/cc   -DCHECK_FUNCTION_EXISTS=sgetrf_single    CMakeFiles/cmTryCompileExec2593453150.dir/CheckFunctionExists.c.o  -o cmTryCompileExec2593453150 -rdynamic -lopenblas 
CMakeFiles/cmTryCompileExec2593453150.dir/CheckFunctionExists.c.o: In function `main':
CheckFunctionExists.c:(.text+0x15): undefined reference to `sgetrf_single'
collect2: error: ld returned 1 exit status
make[2]: *** [cmTryCompileExec2593453150] Error 1
make[2]: Leaving directory `/home/hxhx/darknet/haixun00/object_tracker_ros/build/CMakeFiles/CMakeTmp'
make[1]: *** [cmTryCompileExec2593453150/fast] Error 2
make[1]: Leaving directory `/home/hxhx/darknet/haixun00/object_tracker_ros/build/CMakeFiles/CMakeTmp'


